Zombie Killer/Zombie Killer/Library/Bee/Android/Prj/Mono2x/Gradle/unityLibrary/build/intermediates/manifest_merge_blame_file/release/manifest-merger-blame-release-report.txt
1<?xml version="1.0" encoding="utf-8"?>
2<manifest xmlns:android="http://schemas.android.com/apk/res/android"
3    xmlns:tools="http://schemas.android.com/tools"
4    package="com.unity3d.player"
5    android:versionCode="1"
6    android:versionName="0.1" >
7
8    <uses-sdk
9        android:minSdkVersion="22"
9-->src\main\AndroidManifest.xml
10        android:targetSdkVersion="30" />
10-->src\main\AndroidManifest.xml
11
12    <uses-feature android:glEsVersion="0x00030000" />
12-->src\main\AndroidManifest.xml:17:3-52
12-->src\main\AndroidManifest.xml:17:17-49
13
14    <uses-permission android:name="android.permission.INTERNET" />
14-->src\main\AndroidManifest.xml:18:3-65
14-->src\main\AndroidManifest.xml:18:20-62
15    <uses-permission android:name="android.permission.VIBRATE" />
15-->src\main\AndroidManifest.xml:19:3-64
15-->src\main\AndroidManifest.xml:19:20-61
16    <uses-permission android:name="android.permission.ACCESS_NETWORK_STATE" />
16-->src\main\AndroidManifest.xml:20:3-77
16-->src\main\AndroidManifest.xml:20:20-74
17
18    <uses-feature
18-->src\main\AndroidManifest.xml:21:3-97
19        android:name="android.hardware.sensor.accelerometer"
19-->src\main\AndroidManifest.xml:21:17-69
20        android:required="false" />
20-->src\main\AndroidManifest.xml:21:70-94
21    <uses-feature
21-->src\main\AndroidManifest.xml:22:3-88
22        android:name="android.hardware.touchscreen"
22-->src\main\AndroidManifest.xml:22:17-60
23        android:required="false" />
23-->src\main\AndroidManifest.xml:22:61-85
24    <uses-feature
24-->src\main\AndroidManifest.xml:23:3-99
25        android:name="android.hardware.touchscreen.multitouch"
25-->src\main\AndroidManifest.xml:23:17-71
26        android:required="false" />
26-->src\main\AndroidManifest.xml:23:72-96
27    <uses-feature
27-->src\main\AndroidManifest.xml:24:3-108
28        android:name="android.hardware.touchscreen.multitouch.distinct"
28-->src\main\AndroidManifest.xml:24:17-80
29        android:required="false" />
29-->src\main\AndroidManifest.xml:24:81-105
30
31    <application
31-->src\main\AndroidManifest.xml:3:3-16:17
32        android:extractNativeLibs="true"
32-->src\main\AndroidManifest.xml:3:16-48
33        android:isGame="true" >
33-->src\main\AndroidManifest.xml:3:49-70
34        <activity
34-->src\main\AndroidManifest.xml:4:5-11:16
35            android:name="com.unity3d.player.UnityPlayerActivity"
35-->src\main\AndroidManifest.xml:4:15-68
36            android:configChanges="mcc|mnc|locale|touchscreen|keyboard|keyboardHidden|navigation|orientation|screenLayout|uiMode|screenSize|smallestScreenSize|fontScale|layoutDirection|density"
36-->src\main\AndroidManifest.xml:4:180-361
37            android:hardwareAccelerated="false"
37-->src\main\AndroidManifest.xml:4:397-432
38            android:launchMode="singleTask"
38-->src\main\AndroidManifest.xml:4:148-179
39            android:resizeableActivity="false"
39-->src\main\AndroidManifest.xml:4:362-396
40            android:screenOrientation="fullUser"
40-->src\main\AndroidManifest.xml:4:111-147
41            android:theme="@style/UnityThemeSelector" >
41-->src\main\AndroidManifest.xml:4:69-110
42            <intent-filter>
42-->src\main\AndroidManifest.xml:5:7-9:23
43                <action android:name="android.intent.action.MAIN" />
43-->src\main\AndroidManifest.xml:6:9-61
43-->src\main\AndroidManifest.xml:6:17-58
44
45                <category android:name="android.intent.category.LAUNCHER" />
45-->src\main\AndroidManifest.xml:7:9-69
45-->src\main\AndroidManifest.xml:7:19-66
46                <category android:name="android.intent.category.LEANBACK_LAUNCHER" />
46-->src\main\AndroidManifest.xml:8:9-78
46-->src\main\AndroidManifest.xml:8:19-75
47            </intent-filter>
48
49            <meta-data
49-->src\main\AndroidManifest.xml:10:7-82
50                android:name="unityplayer.UnityActivity"
50-->src\main\AndroidManifest.xml:10:18-58
51                android:value="true" />
51-->src\main\AndroidManifest.xml:10:59-79
52        </activity>
53
54        <meta-data
54-->src\main\AndroidManifest.xml:12:5-69
55            android:name="unity.splash-mode"
55-->src\main\AndroidManifest.xml:12:16-48
56            android:value="0" />
56-->src\main\AndroidManifest.xml:12:49-66
57        <meta-data
57-->src\main\AndroidManifest.xml:13:5-74
58            android:name="unity.splash-enable"
58-->src\main\AndroidManifest.xml:13:16-50
59            android:value="True" />
59-->src\main\AndroidManifest.xml:13:51-71
60        <meta-data
60-->src\main\AndroidManifest.xml:14:5-78
61            android:name="unity.launch-fullscreen"
61-->src\main\AndroidManifest.xml:14:16-54
62            android:value="True" />
62-->src\main\AndroidManifest.xml:14:55-75
63        <meta-data
63-->src\main\AndroidManifest.xml:15:5-84
64            android:name="unity.allow-resizable-window"
64-->src\main\AndroidManifest.xml:15:16-59
65            android:value="False" />
65-->src\main\AndroidManifest.xml:15:60-81
66    </application>
67
68</manifest>